
=== Mon Jun  5 16:19:33 2023

Packages were changed.
Update Mode: updateDependencies

The following packages were updated:
  com.unity.collab-proxy from version 2.0.3 to 2.0.4
  com.unity.ide.rider from version 3.0.20 to 3.0.21
  com.unity.test-framework from version 1.1.31 to 1.1.33
  com.unity.timeline from version 1.6.4 to 1.6.5

=== Fri Aug  4 09:46:52 2023

Packages were changed.
Update Mode: updateDependencies

The following packages were added:
  com.unity.ai.navigation@1.1.3
The following packages were updated:
  com.unity.2d.animation from version 7.0.10 to 9.0.3
  com.unity.2d.psdimporter from version 6.0.7 to 8.0.2
  com.unity.2d.spriteshape from version 7.0.7 to 9.0.2
  com.unity.2d.tilemap.extras from version 2.2.5 to 3.1.0
  com.unity.collab-proxy from version 2.0.4 to 2.0.5
  com.unity.ide.rider from version 3.0.21 to 3.0.24
  com.unity.inputsystem from version 1.5.1 to 1.6.1
  com.unity.timeline from version 1.6.5 to 1.7.4
